<?xml version="1.0" encoding="UTF-8"?>
<!-- Generated by org.testng.reporters.JUnitXMLReporter -->
<testsuite ignored="0" hostname="DESKTOP-5RBRUCO" failures="1" tests="1" name="Test" time="12.794" errors="0" timestamp="2024-11-22T22:32:48 IST">
  <testcase classname="LumaRunner.LumaWomenRunner" name="checkout" time="8.738">
    <failure type="java.lang.AssertionError" message="ERROR--MOUSE ACTIONS ARE NOT PERFORMED">
      <![CDATA[java.lang.AssertionError: ERROR--MOUSE ACTIONS ARE NOT PERFORMED
at org.junit.Assert.fail(Assert.java:89)
at com.baseclass.Base_class.mouseHover(Base_class.java:132)
at com.lumapageobjectmodel.LumaWomen_CheckOut.getcheckoutpage(LumaWomen_CheckOut.java:45)
at LumaRunner.LumaWomenRunner.checkout(LumaWomenRunner.java:27)
at java.base/java.util.ArrayList.forEach(ArrayList.java:1597)
... Removed 25 stack frames]]>
    </failure>
  </testcase> <!-- checkout -->
</testsuite> <!-- Test -->
