<?xml version="1.0" encoding="UTF-8"?>
<testng-results ignored="0" total="2" passed="2" failed="0" skipped="0">
  <reporter-output>
  </reporter-output>
  <suite started-at="2024-11-23T07:45:12 IST" name="Default suite" finished-at="2024-11-23T07:45:50 IST" duration-ms="37365">
    <groups>
    </groups>
    <test started-at="2024-11-23T07:45:12 IST" name="Default test" finished-at="2024-11-23T07:45:50 IST" duration-ms="37365">
      <class name="LumaRunner.LumaWomenRunner">
        <test-method is-config="true" signature="setUp()[pri:0, instance:LumaRunner.LumaWomenRunner@5d0bf09b]" started-at="2024-11-23T07:45:12 IST" name="setUp" finished-at="2024-11-23T07:45:16 IST" duration-ms="3915" status="PASS">
          <reporter-output>
          </reporter-output>
        </test-method> <!-- setUp -->
        <test-method signature="lumawomen_loginpage()[pri:1, instance:LumaRunner.LumaWomenRunner@5d0bf09b]" started-at="2024-11-23T07:45:16 IST" name="lumawomen_loginpage" finished-at="2024-11-23T07:45:28 IST" duration-ms="11682" status="PASS">
          <reporter-output>
          </reporter-output>
        </test-method> <!-- lumawomen_loginpage -->
        <test-method signature="checkout()[pri:2, instance:LumaRunner.LumaWomenRunner@5d0bf09b]" started-at="2024-11-23T07:45:28 IST" name="checkout" finished-at="2024-11-23T07:45:50 IST" duration-ms="21700" status="PASS">
          <reporter-output>
          </reporter-output>
        </test-method> <!-- checkout -->
      </class> <!-- LumaRunner.LumaWomenRunner -->
    </test> <!-- Default test -->
  </suite> <!-- Default suite -->
</testng-results>
